<?xml version="1.0" encoding="UTF-8"?>
<testng-results skipped="0" failed="0" ignored="0" total="3" passed="3">
  <reporter-output>
  </reporter-output>
  <suite name="Default suite" duration-ms="77764" started-at="2019-08-08T12:50:14Z" finished-at="2019-08-08T12:51:31Z">
    <groups>
    </groups>
    <test name="Default test" duration-ms="77764" started-at="2019-08-08T12:50:14Z" finished-at="2019-08-08T12:51:31Z">
      <class name="org.sample.FacebookDetails.TestNGhotel">
        <test-method status="PASS" signature="executSessionOne()[pri:0, instance:org.sample.FacebookDetails.TestNGhotel@91161c7]" name="executSessionOne" duration-ms="30839" started-at="2019-08-08T12:50:14Z" finished-at="2019-08-08T12:50:45Z">
          <reporter-output>
          </reporter-output>
        </test-method> <!-- executSessionOne -->
        <test-method status="PASS" signature="executSessionThree()[pri:0, instance:org.sample.FacebookDetails.TestNGhotel@91161c7]" name="executSessionThree" duration-ms="23764" started-at="2019-08-08T12:50:45Z" finished-at="2019-08-08T12:51:08Z">
          <reporter-output>
          </reporter-output>
        </test-method> <!-- executSessionThree -->
        <test-method status="PASS" signature="executeSessionTwo()[pri:0, instance:org.sample.FacebookDetails.TestNGhotel@91161c7]" name="executeSessionTwo" duration-ms="23112" started-at="2019-08-08T12:51:08Z" finished-at="2019-08-08T12:51:31Z">
          <reporter-output>
          </reporter-output>
        </test-method> <!-- executeSessionTwo -->
      </class> <!-- org.sample.FacebookDetails.TestNGhotel -->
    </test> <!-- Default test -->
  </suite> <!-- Default suite -->
</testng-results>
