<?xml version="1.0" encoding="UTF-8"?>
<!-- Generated by org.testng.reporters.JUnitXMLReporter -->
<testsuite hostname="La-220-PC" ignored="0" name="Default test" tests="3" failures="0" timestamp="08 Aug 2019 12:51:32 GMT" time="77.764" errors="0">
  <testcase name="executSessionOne" time="30.839" classname="org.sample.FacebookDetails.TestNGhotel"/>
  <testcase name="executSessionThree" time="23.764" classname="org.sample.FacebookDetails.TestNGhotel"/>
  <testcase name="executeSessionTwo" time="23.112" classname="org.sample.FacebookDetails.TestNGhotel"/>
</testsuite> <!-- Default test -->
